\BOOKMARK [1][-]{section.1}{Lu \375 v k\375 hiu}{}% 1
\BOOKMARK [1][-]{section.2}{Norms \(chun\)}{}% 2
\BOOKMARK [2][-]{subsection.2.1}{\320inh ngh\232a}{section.2}% 3
\BOOKMARK [2][-]{subsection.2.2}{Mt s chun thng d\371ng}{section.2}% 4
\BOOKMARK [2][-]{subsection.2.3}{Chun cua ma trn}{section.2}% 5
\BOOKMARK [1][-]{section.3}{\320ao h\340m cua h\340m nhiu bin }{}% 6
\BOOKMARK [2][-]{subsection.3.1}{H\340m cho gi\341 tri l\340 mt s v\364 hng}{section.3}% 7
\BOOKMARK [2][-]{subsection.3.2}{H\340m cho gi\341 tri l\340 mt vector }{section.3}% 8
\BOOKMARK [2][-]{subsection.3.3}{Hai t\355nh cht quan trong }{section.3}% 9
\BOOKMARK [3][-]{subsubsection.3.3.1}{Product rules}{subsection.3.3}% 10
\BOOKMARK [3][-]{subsubsection.3.3.2}{Chain rules }{subsection.3.3}% 11
\BOOKMARK [2][-]{subsection.3.4}{\320ao h\340m cua c\341c h\340m s thng gp }{section.3}% 12
\BOOKMARK [3][-]{subsubsection.3.4.1}{f\(x\) = aTx}{subsection.3.4}% 13
\BOOKMARK [3][-]{subsubsection.3.4.2}{f\(x\) = Ax}{subsection.3.4}% 14
\BOOKMARK [3][-]{subsubsection.3.4.3}{f\(x\) = xTA x}{subsection.3.4}% 15
\BOOKMARK [3][-]{subsubsection.3.4.4}{f\(x\) = "026B30D Ax - b"026B30D 22 }{subsection.3.4}% 16
\BOOKMARK [3][-]{subsubsection.3.4.5}{f\(x\) = aTxxTb}{subsection.3.4}% 17
\BOOKMARK [2][-]{subsection.3.5}{Bang c\341c ao h\340m thng gp}{section.3}% 18
\BOOKMARK [3][-]{subsubsection.3.5.1}{Cho vector }{subsection.3.5}% 19
\BOOKMARK [3][-]{subsubsection.3.5.2}{Cho ma trn}{subsection.3.5}% 20
\BOOKMARK [2][-]{subsection.3.6}{T\340i liu tham khao }{section.3}% 21
