\BOOKMARK [0][-]{chapter.0}{Li n\363i u }{}% 1
\BOOKMARK [0][-]{chapter.1}{Gii thiu}{}% 2
\BOOKMARK [0][-]{chapter.2}{Ph\342n nh\363m c\341c thut to\341n Machine Learning}{}% 3
\BOOKMARK [0][-]{chapter.3}{Linear Regression}{}% 4
\BOOKMARK [0][-]{chapter.4}{K-means Clustering}{}% 5
\BOOKMARK [0][-]{chapter.5}{K-means Clustering: Simple Applications}{}% 6
\BOOKMARK [0][-]{chapter.6}{K-nearest neighbors}{}% 7
\BOOKMARK [0][-]{chapter.7}{Gradient Descent \(phn 1/2\)}{}% 8
\BOOKMARK [0][-]{chapter.8}{Gradient Descent \(phn 2/2\)}{}% 9
\BOOKMARK [0][-]{chapter.9}{Perceptron Learning Algorithm}{}% 10
\BOOKMARK [0][-]{chapter.10}{Logistic Regression}{}% 11
\BOOKMARK [0][-]{chapter.11}{Gii thiu v Feature Engineering}{}% 12
\BOOKMARK [0][-]{chapter.12}{Binary Classifiers cho c\341c b\340i to\341n Classification}{}% 13
\BOOKMARK [0][-]{chapter.13}{Softmax Regression}{}% 14
\BOOKMARK [0][-]{chapter.14}{Multi-layer Perceptron v\340 Backpropagation}{}% 15
\BOOKMARK [0][-]{chapter.15}{Overfitting}{}% 16
\BOOKMARK [0][-]{chapter.16}{Convex sets v\340 convex functions}{}% 17
\BOOKMARK [0][-]{chapter.17}{Convex Optimization Problems}{}% 18
\BOOKMARK [0][-]{chapter.18}{Duality}{}% 19
\BOOKMARK [0][-]{chapter.51}{\324n tp \320ai s tuyn t\355nh}{}% 20
\BOOKMARK [0][-]{chapter*.104}{Index}{}% 21
